{
"contracts/Token.sol":{"l":{"16":6,"17":6,"21":2,"22":2},"path":"/Users/dhruvin/gbc/bcdv-1014/token-hardhat/contracts/Token.sol","s":{"1":6,"2":6,"3":2,"4":2},"b":{},"f":{"1":6,"2":2},"fnMap":{"1":{"name":"constructor","line":15,"loc":{"start":{"line":15,"column":4},"end":{"line":18,"column":4}}},"2":{"name":"transfer","line":20,"loc":{"start":{"line":20,"column":4},"end":{"line":23,"column":4}}}},"statementMap":{"1":{"start":{"line":16,"column":8},"end":{"line":16,"column":25}},"2":{"start":{"line":17,"column":8},"end":{"line":17,"column":41}},"3":{"start":{"line":21,"column":8},"end":{"line":21,"column":38}},"4":{"start":{"line":22,"column":8},"end":{"line":22,"column":31}}},"branchMap":{}}}
