TN:
SF:/Users/dhruvinparikh/gbc_tut/dapp-II/Dapp-II/survey-marketplace-truffle/contracts/Survey.sol
FN:12,constructor
FNF:1
FNH:1
FNDA:2,constructor
DA:13,2
DA:14,2
DA:15,2
DA:16,2
DA:17,2
LF:5
LH:5
BRDA:13,1,0,2
BRDA:13,1,1,0
BRDA:14,2,0,2
BRDA:14,2,1,0
BRF:4
BRH:2
end_of_record
TN:
SF:/Users/dhruvinparikh/gbc_tut/dapp-II/Dapp-II/survey-marketplace-truffle/contracts/SurveyFactory.sol
FN:17,constructor
FN:22,notTheOwner
FN:27,createSurvey
FNF:3
FNH:3
FNDA:7,constructor
FNDA:4,notTheOwner
FNDA:3,createSurvey
DA:18,7
DA:19,7
DA:23,4
DA:24,3
DA:28,3
DA:29,2
DA:30,2
DA:31,2
DA:32,2
DA:33,2
DA:34,2
DA:35,2
LF:12
LH:12
BRDA:23,1,0,3
BRDA:23,1,1,1
BRDA:28,2,0,2
BRDA:28,2,1,1
BRF:4
BRH:4
end_of_record
