{"contracts/Survey.sol":{"l":{"13":2,"14":2,"15":2,"16":2,"17":2},"path":"/Users/dhruvinparikh/gbc_tut/dapp-II/Dapp-II/survey-marketplace-truffle/contracts/Survey.sol","s":{"1":2,"2":2,"3":2,"4":2,"5":2},"b":{"1":[2,0],"2":[2,0]},"f":{"1":2},"fnMap":{"1":{"name":"constructor","line":12,"loc":{"start":{"line":12,"column":4},"end":{"line":18,"column":4}}}},"statementMap":{"1":{"start":{"line":13,"column":8},"end":{"line":13,"column":68}},"2":{"start":{"line":14,"column":8},"end":{"line":14,"column":65}},"3":{"start":{"line":15,"column":8},"end":{"line":15,"column":21}},"4":{"start":{"line":16,"column":8},"end":{"line":16,"column":27}},"5":{"start":{"line":17,"column":8},"end":{"line":17,"column":47}}},"branchMap":{"1":{"line":13,"type":"if","locations":[{"start":{"line":13,"column":8},"end":{"line":13,"column":8}},{"start":{"line":13,"column":8},"end":{"line":13,"column":8}}]},"2":{"line":14,"type":"if","locations":[{"start":{"line":14,"column":8},"end":{"line":14,"column":8}},{"start":{"line":14,"column":8},"end":{"line":14,"column":8}}]}}},"contracts/SurveyFactory.sol":{"l":{"18":7,"19":7,"23":4,"24":3,"28":3,"29":2,"30":2,"31":2,"32":2,"33":2,"34":2,"35":2},"path":"/Users/dhruvinparikh/gbc_tut/dapp-II/Dapp-II/survey-marketplace-truffle/contracts/SurveyFactory.sol","s":{"1":7,"2":7,"3":4,"4":3,"5":2,"6":2,"7":2,"8":2,"9":2,"10":2,"11":2},"b":{"1":[3,1],"2":[2,1]},"f":{"1":7,"2":4,"3":3},"fnMap":{"1":{"name":"constructor","line":17,"loc":{"start":{"line":17,"column":4},"end":{"line":20,"column":4}}},"2":{"name":"notTheOwner","line":22,"loc":{"start":{"line":22,"column":4},"end":{"line":25,"column":4}}},"3":{"name":"createSurvey","line":27,"loc":{"start":{"line":27,"column":4},"end":{"line":36,"column":4}}}},"statementMap":{"1":{"start":{"line":18,"column":8},"end":{"line":18,"column":47}},"2":{"start":{"line":19,"column":8},"end":{"line":19,"column":57}},"3":{"start":{"line":23,"column":8},"end":{"line":23,"column":65}},"4":{"start":{"line":28,"column":8},"end":{"line":28,"column":81}},"5":{"start":{"line":29,"column":8},"end":{"line":29,"column":61}},"6":{"start":{"line":30,"column":8},"end":{"line":30,"column":70}},"7":{"start":{"line":31,"column":8},"end":{"line":31,"column":44}},"8":{"start":{"line":32,"column":8},"end":{"line":32,"column":37}},"9":{"start":{"line":33,"column":8},"end":{"line":33,"column":32}},"10":{"start":{"line":34,"column":8},"end":{"line":34,"column":49}},"11":{"start":{"line":35,"column":8},"end":{"line":35,"column":54}}},"branchMap":{"1":{"line":23,"type":"if","locations":[{"start":{"line":23,"column":8},"end":{"line":23,"column":8}},{"start":{"line":23,"column":8},"end":{"line":23,"column":8}}]},"2":{"line":28,"type":"if","locations":[{"start":{"line":28,"column":8},"end":{"line":28,"column":8}},{"start":{"line":28,"column":8},"end":{"line":28,"column":8}}]}}}}